code/proguard/seeds.txt
com.yiyouapp.AppMsgReceiver
com.yiyouapp.AppMsgReceiver: AppMsgReceiver()
com.yiyouapp.ChatActivity
com.yiyouapp.ChatActivity: ChatActivity()
com.yiyouapp.ChatActivity: void onClick(android.view.View)
com.yiyouapp.LoginActivity
com.yiyouapp.LoginActivity: LoginActivity()
com.yiyouapp.LoginActivity: void onClick(android.view.View)
com.yiyouapp.MainActivity
com.yiyouapp.MainActivity: MainActivity()
com.yiyouapp.MainActivity: void onClick(android.view.View)
com.yiyouapp.MediatorActivity
com.yiyouapp.MediatorActivity: MediatorActivity()
com.yiyouapp.PreferencesActivity
com.yiyouapp.PreferencesActivity: PreferencesActivity()
com.yiyouapp.PreferencesActivity: void onClick(android.view.View)
com.yiyouapp.R$animator
com.yiyouapp.R$animator: int menu_in
com.yiyouapp.R$animator: int menu_out
com.yiyouapp.R$animator: int slide_in_from_bottom
com.yiyouapp.R$animator: int slide_in_from_top
com.yiyouapp.R$animator: int slide_out_to_bottom
com.yiyouapp.R$animator: int slide_out_to_top
com.yiyouapp.R$animator: R$animator()
com.yiyouapp.R$attr
com.yiyouapp.R$attr: int ptrAdapterViewBackground
com.yiyouapp.R$attr: int ptrAnimationStyle
com.yiyouapp.R$attr: int ptrDrawable
com.yiyouapp.R$attr: int ptrDrawableBottom
com.yiyouapp.R$attr: int ptrDrawableEnd
com.yiyouapp.R$attr: int ptrDrawableStart
com.yiyouapp.R$attr: int ptrDrawableTop
com.yiyouapp.R$attr: int ptrHeaderBackground
com.yiyouapp.R$attr: int ptrHeaderSubTextColor
com.yiyouapp.R$attr: int ptrHeaderTextAppearance
com.yiyouapp.R$attr: int ptrHeaderTextColor
com.yiyouapp.R$attr: int ptrListViewExtrasEnabled
com.yiyouapp.R$attr: int ptrMode
com.yiyouapp.R$attr: int ptrOverScroll
com.yiyouapp.R$attr: int ptrRefreshableViewBackground
com.yiyouapp.R$attr: int ptrRotateDrawableWhilePulling
com.yiyouapp.R$attr: int ptrScrollingWhileRefreshingEnabled
com.yiyouapp.R$attr: int ptrShowIndicator
com.yiyouapp.R$attr: int ptrSubHeaderTextAppearance
com.yiyouapp.R$attr: R$attr()
com.yiyouapp.R$color
com.yiyouapp.R$color: int bottom_btn_bg_color
com.yiyouapp.R$color: int gray_color
com.yiyouapp.R$color: int light_gray_color
com.yiyouapp.R$color: int red_color
com.yiyouapp.R$color: int title_font_color
com.yiyouapp.R$color: int top_right_btn_bg_color
com.yiyouapp.R$color: int top_title_bar_bg_color
com.yiyouapp.R$color: R$color()
com.yiyouapp.R$dimen
com.yiyouapp.R$dimen: int activity_horizontal_margin
com.yiyouapp.R$dimen: int activity_vertical_margin
com.yiyouapp.R$dimen: int header_footer_left_right_padding
com.yiyouapp.R$dimen: int header_footer_top_bottom_padding
com.yiyouapp.R$dimen: int indicator_corner_radius
com.yiyouapp.R$dimen: int indicator_internal_padding
com.yiyouapp.R$dimen: int indicator_right_padding
com.yiyouapp.R$dimen: int title_bar_height
com.yiyouapp.R$dimen: int title_common_font_size
com.yiyouapp.R$dimen: int title_font_size
com.yiyouapp.R$dimen: R$dimen()
...
com.baidu.location.X$a
com.baidu.location.X$a: com.baidu.location.X a
com.baidu.location.X$a: X$a(com.baidu.location.X)
com.baidu.location.X$a: void handleMessage(android.os.Message)
com.baidu.location.Y
com.baidu.location.Y: boolean a
com.baidu.location.Y: int R
com.baidu.location.Y: java.lang.String S
com.baidu.location.Y: int T
com.baidu.location.Y: java.lang.String cR
com.baidu.location.Y: int c0
com.baidu.location.Y: org.apache.http.HttpEntity cS
com.baidu.location.Y: java.util.List cT
com.baidu.location.Y: java.lang.String cW
com.baidu.location.Y: int W
com.baidu.location.Y: Y()
com.baidu.location.Y: void T()
com.baidu.location.Y: void do(boolean)
com.baidu.location.Y: void Q()
com.baidu.location.Y: void N()
com.baidu.location.Y: void R()
com.baidu.location.Y: void d()
com.baidu.location.Y: int e()
com.baidu.location.Y: int a(android.content.Context,android.net.NetworkInfo)
com.baidu.location.Y: boolean if(android.content.Context)
com.baidu.location.Y: void a(com.baidu.location.Y)
com.baidu.location.Y: int a()
com.baidu.location.Y: java.lang.String b()
com.baidu.location.Y: int c()
com.baidu.location.Y: boolean a(com.baidu.location.Y,boolean)
com.baidu.location.Y: void <clinit>()
com.baidu.location.Z
com.baidu.location.Z: com.baidu.location.Y a
com.baidu.location.Z: Z(com.baidu.location.Y)
com.baidu.location.Z: void run()
com.baidu.location.a
com.baidu.location.a: a()
com.baidu.location.a: com.baidu.location.BDLocation a(android.os.Parcel)
com.baidu.location.a: com.baidu.location.BDLocation[] a(int)
com.baidu.location.a: java.lang.Object[] newArray(int)
com.baidu.location.a: java.lang.Object createFromParcel(android.os.Parcel)
com.baidu.location.a.a.a
com.baidu.location.a.a.a: java.lang.String a
com.baidu.location.a.a.a: a()
com.baidu.location.a.a.a: java.lang.String a(android.content.Context)
com.baidu.location.a.a.a: java.lang.String b(android.content.Context)
com.baidu.location.a.a.a: void <clinit>()
com.baidu.location.a.a.b
com.baidu.location.a.a.b: java.lang.String a(android.content.Context)
com.baidu.location.a.a.b: java.lang.String b(android.content.Context)
com.baidu.location.a.a.b: java.lang.String c(android.content.Context)
com.baidu.location.a.a.b: void a(android.content.Context,java.lang.String)
com.baidu.location.a.a.b: java.lang.String a(java.lang.String)
com.baidu.location.a.a.b: void a(java.lang.String,java.lang.String)
com.baidu.location.a.a.b$a
com.baidu.location.a.a.b$a: java.lang.String a
com.baidu.location.a.a.b$a: boolean b
com.baidu.location.a.a.b$a: b$a(java.lang.String,boolean)
com.baidu.location.a.a.b$a: java.lang.String a(android.content.Context,java.lang.String)
com.baidu.location.a.a.b$a: com.baidu.location.a.a.b$a a(android.content.Context)
com.baidu.location.a.a.c
com.baidu.location.a.a.c: java.lang.String a(byte[],boolean)
com.baidu.location.a.a.c: java.lang.String a(byte[],java.lang.String,boolean)
com.baidu.location.a.b.a
com.baidu.location.a.b.a: byte[] a(java.lang.String,java.lang.String,byte[])
com.baidu.location.a.b.a: byte[] b(java.lang.String,java.lang.String,byte[])
com.baidu.location.a.b.b
com.baidu.location.a.b.b: byte[] a
com.baidu.location.a.b.b: byte[] a(byte[])
com.baidu.location.a.b.b: byte[] a(byte[],int)
com.baidu.location.a.b.b: java.lang.String a(byte[],java.lang.String)
com.baidu.location.a.b.b: void <clinit>()
com.baidu.location.aa
com.baidu.location.aa: com.baidu.location.Y a
com.baidu.location.aa: aa(com.baidu.location.Y)
com.baidu.location.aa: void run()
com.baidu.location.ab
com.baidu.location.ab: com.baidu.location.Y a
com.baidu.location.ab: ab(com.baidu.location.Y)
com.baidu.location.ab: void run()