code/proguard/mapping.txt
com.yiyouapp.AppAccount -> com.yiyouapp.a:
    boolean session_is_login -> a
    com.yiyouapp.value.UserInfo info -> b
    23:24:void clearInfo() -> a
    29:29:boolean IsInfoValid() -> b
    35:35:boolean IsLogin() -> c
    41:46:void saveAccount() -> d
    51:60:boolean readAccount() -> e
com.yiyouapp.AppConfig -> com.yiyouapp.b:
    byte[] encode_key -> a
    int version_code -> b
    java.lang.String version_name -> c
    android.graphics.Bitmap work_photo -> d
    int screen_width -> e
    float density -> f
    int emotion_size -> g
    java.lang.String app_data_dir -> h
    java.lang.String cache_dir -> i
    java.lang.String account_dir -> j
    com.loopj.android.http.PersistentCookieStore cookie -> k
    com.yiyouapp.AppSettings settings -> l
    com.yiyouapp.controls.cache.ImageCache cache -> m
    java.util.HashMap activities -> n
    com.yiyouapp.MediatorActivity current_activity -> o
    com.yiyouapp.proxy.NetTextProxy current_proxy -> p
    com.yiyouapp.AppAccount account -> q
    int newsCount -> r
    boolean is_frontia_init -> s
    boolean is_start -> t
    com.yiyouapp.value.AvatarUpdate avatars_update -> u
    double latitude -> v
    double longitude -> w
    java.lang.String address -> x
    java.lang.String city -> y
    161:251:void Initialize(com.yiyouapp.MediatorActivity) -> a
    255:259:void Uninitialize() -> a
com.yiyouapp.AppFacade -> com.yiyouapp.c:
    com.yiyouapp.AppFacade instance_ -> e
    20:21:com.yiyouapp.AppFacade getInstance() -> a
    26:30:void initializeController() -> b
    34:36:void initializeModel() -> c
    40:42:org.puremvc.java.interfaces.IProxy retrieveProxy(java.lang.String) -> a
    47:48:void startup(android.app.Activity) -> a
com.yiyouapp.AppMsgReceiver -> com.yiyouapp.AppMsgReceiver:
    java.lang.String TAG -> a
    75:92:void onBind(android.content.Context,int,java.lang.String,java.lang.String,java.lang.String,java.lang.String) -> onBind
    107:200:void onMessage(android.content.Context,java.lang.String,java.lang.String) -> onMessage
    217:243:void onNotificationClicked(android.content.Context,java.lang.String,java.lang.String,java.lang.String) -> onNotificationClicked
    262:267:void onSetTags(android.content.Context,int,java.util.List,java.util.List,java.lang.String) -> onSetTags
    286:291:void onDelTags(android.content.Context,int,java.util.List,java.util.List,java.lang.String) -> onDelTags
    308:312:void onListTags(android.content.Context,int,java.util.List,java.lang.String) -> onListTags
    326:335:void onUnbind(android.content.Context,int,java.lang.String) -> onUnbind
com.yiyouapp.AppSettings -> com.yiyouapp.d:
    android.content.SharedPreferences settings_ -> a
    76:77:void setUserType(java.lang.String) -> a
    81:81:java.lang.String getUserType() -> a
    86:87:void setRegMobile(java.lang.String) -> b
    91:91:java.lang.String getRegMobile() -> b
    96:97:void setMobile(java.lang.String) -> c
    101:101:java.lang.String getMobile() -> c
    106:107:void setPass(java.lang.String) -> d
    111:111:java.lang.String getPass() -> d
    117:118:void setLongitude(float) -> a
    122:122:float getLongitude() -> e
    128:129:void setLatitude(float) -> b
    133:133:float getLatitude() -> f
    139:140:void setAddress(java.lang.String) -> e
    144:144:java.lang.String getAddress() -> g
    150:151:void setCity(java.lang.String) -> f
    155:155:java.lang.String getCity() -> h
    161:162:void setDeviceUserID(java.lang.String) -> g
    166:166:java.lang.String getDeviceUserID() -> i
    172:173:void setDeviceChannelID(java.lang.String) -> h
    177:177:java.lang.String getDeviceChannelID() -> j
    183:184:void setDeviceBind(boolean) -> a
    188:188:boolean getDeviceBind() -> k
...
cn.sharesdk.wechat.utils.b -> cn.sharesdk.wechat.utils.b:
    java.lang.String a -> a
    java.lang.String b -> b
    int c -> c
    java.lang.String d -> d
    java.lang.String e -> e
    int a() -> a
    void a(android.os.Bundle) -> a
    void b(android.os.Bundle) -> b
cn.sharesdk.wechat.utils.c -> cn.sharesdk.wechat.utils.c:
    cn.sharesdk.wechat.utils.WXMediaMessage a -> a
    int a() -> a
    void a(android.os.Bundle) -> a
    void b(android.os.Bundle) -> b
cn.sharesdk.wechat.utils.d -> cn.sharesdk.wechat.utils.d:
    cn.sharesdk.wechat.utils.WXMediaMessage a -> a
    int b -> b
    int a() -> a
    void a(android.os.Bundle) -> a
    boolean b() -> b
cn.sharesdk.wechat.utils.e -> cn.sharesdk.wechat.utils.e:
    int a() -> a
cn.sharesdk.wechat.utils.f -> cn.sharesdk.wechat.utils.f:
    cn.sharesdk.wechat.utils.WXMediaMessage a -> a
    int a() -> a
    void a(android.os.Bundle) -> a
    void b(android.os.Bundle) -> b
cn.sharesdk.wechat.utils.g -> cn.sharesdk.wechat.utils.g:
    java.lang.String a -> a
    java.lang.String b -> b
    cn.sharesdk.framework.network.k c -> c
    cn.sharesdk.framework.Platform d -> d
    int e -> e
    void a(java.lang.String,java.lang.String) -> a
    void a(android.os.Bundle,cn.sharesdk.framework.authorize.AuthorizeListener) -> a
    void a(java.lang.String,cn.sharesdk.framework.authorize.AuthorizeListener) -> a
    void a(cn.sharesdk.framework.PlatformActionListener) -> a
    void a(java.lang.String) -> a
    cn.sharesdk.framework.Platform a(cn.sharesdk.wechat.utils.g) -> a
    int b(cn.sharesdk.wechat.utils.g) -> b
    cn.sharesdk.framework.network.k c(cn.sharesdk.wechat.utils.g) -> c
    java.lang.String d(cn.sharesdk.wechat.utils.g) -> d
    java.lang.String e(cn.sharesdk.wechat.utils.g) -> e
    void a(cn.sharesdk.wechat.utils.g,java.lang.String) -> a
cn.sharesdk.wechat.utils.h -> cn.sharesdk.wechat.utils.h:
    java.lang.String a -> a
    cn.sharesdk.framework.authorize.AuthorizeListener b -> b
    cn.sharesdk.wechat.utils.g c -> c
    void run() -> run
cn.sharesdk.wechat.utils.i -> cn.sharesdk.wechat.utils.i:
    cn.sharesdk.framework.PlatformActionListener a -> a
    cn.sharesdk.wechat.utils.g b -> b
    void run() -> run
cn.sharesdk.wechat.utils.j -> cn.sharesdk.wechat.utils.j:
    android.content.Context a -> a
    java.lang.String b -> b
    boolean a(android.content.Context,java.lang.String) -> a
    void a(cn.sharesdk.wechat.utils.l) -> a
    boolean a() -> a
    boolean c() -> c
    byte[] a(java.lang.String,java.lang.String,int) -> a
    java.lang.String a(java.lang.String) -> a
    boolean b() -> b
    boolean a(cn.sharesdk.wechat.utils.WechatHandlerActivity,cn.sharesdk.wechat.utils.k) -> a
    boolean a(byte[],byte[]) -> a
cn.sharesdk.wechat.utils.k -> cn.sharesdk.wechat.utils.k:
    cn.sharesdk.framework.Platform a -> a
    cn.sharesdk.framework.Platform$ShareParams b -> b
    cn.sharesdk.framework.PlatformActionListener c -> c
    cn.sharesdk.framework.authorize.AuthorizeListener d -> d
    cn.sharesdk.wechat.utils.g e -> e
    void a(cn.sharesdk.framework.authorize.AuthorizeListener) -> a
    void a(cn.sharesdk.framework.Platform$ShareParams,cn.sharesdk.framework.PlatformActionListener) -> a
    void a(cn.sharesdk.wechat.utils.g) -> a
    void a(cn.sharesdk.wechat.utils.WechatResp) -> a
    cn.sharesdk.framework.Platform$ShareParams a() -> a
    cn.sharesdk.framework.Platform b() -> b
    cn.sharesdk.framework.PlatformActionListener c() -> c
cn.sharesdk.wechat.utils.l -> cn.sharesdk.wechat.utils.l:
    java.lang.String c -> c
    int a() -> a
    void a(android.os.Bundle) -> a
    boolean b() -> b
com.baidu.android.bbalbs.common.util.CommonParam -> com.baidu.android.bbalbs.common.util.CommonParam:
    java.lang.String a -> a