code/proguard/usage.txt
com.yiyouapp.AppConfig:
    public static final java.lang.String APP_NAME
    public static final java.lang.String BASE_URL
    public static final java.lang.String FILE_BASE_URL
    public static final java.lang.String FILENAME_MAIN_WORKS
    public static final java.lang.String FILENAME_MY_WORKS
    public static final java.lang.String FILENAME_USERINFO
    public static final java.lang.String FILENAME_AVATAR
    public static final java.lang.String INTENT_HAS_WORK_PHOTO
    public static final java.lang.String INTENT_WORK_TYPE
    public static final java.lang.String INTENT_CHANNEL2_TYPE
    public static final java.lang.String INTENT_USER_ID
    public static final java.lang.String INTENT_USER_TYPE
    public static final java.lang.String INTENT_USER_NAME
    public static final java.lang.String INTENT_AVATAR_PATH
    public static final java.lang.String INTENT_COLLECT
    public static final java.lang.String INTENT_WORK_ID
    public static final int max_image_width
    public static final int max_image_height
    public static final int avatar_image_size
    public static final int upload_image_width
    public static final int upload_image_height
    public static final int retry_count
    public static final int encode_length
    public static final long max_sdcard_cache_size
    public static final int max_sdcard_files_count
    public static final long clearto_sdcard_cache_size
    public static final int clearto_sdcard_files_count
com.yiyouapp.AppFacade:
    1:1:public static bridge synthetic org.puremvc.java.patterns.facade.Facade getInstance()
com.yiyouapp.AppSettings:
    private static final java.lang.String SETTINGS_NAME
    private static final java.lang.String UPDATE_DATE
    private static final java.lang.String SPLASH_TIME
    private static final java.lang.String USER_TYPE
    private static final java.lang.String REG_MOBILE
    private static final java.lang.String MOBILE
    private static final java.lang.String PASSWORD
    private static final java.lang.String LONGITUDE
    private static final java.lang.String LATITUDE
    private static final java.lang.String ADDRESS
    private static final java.lang.String CITY
    private static final java.lang.String DEVICE_USERID
    private static final java.lang.String DEVICE_CHANNELID
    private static final java.lang.String DEVICE_BIND
    48:53:public void setUpdateDate()
    57:61:public java.util.Date getUpdateDate()
    66:67:public void setSplashTime(int)
    71:71:public int getSplashTime()
com.yiyouapp.BuildConfig
com.yiyouapp.ChatActivity:
    public static final java.lang.String NAME
com.yiyouapp.LoginActivity:
    public static final java.lang.String NAME
com.yiyouapp.MainActivity:
    public static final java.lang.String NAME
com.yiyouapp.MediatorActivity:
    public static final java.lang.String NAME
    85:86:public void setViewComponent(java.lang.Object)
    102:102:public java.lang.Object getViewComponent()
com.yiyouapp.PreferencesActivity:
    public static final java.lang.String NAME
com.yiyouapp.R:
    10:10:public R()
com.yiyouapp.RegStep1Activity:
    public static final java.lang.String NAME
com.yiyouapp.RegStep2Activity:
    public static final java.lang.String NAME
com.yiyouapp.RegStep3Activity:
    public static final java.lang.String NAME
com.yiyouapp.RegStep4Activity:
    public static final java.lang.String NAME
com.yiyouapp.RegSuccessActivity:
    public static final java.lang.String NAME
com.yiyouapp.StartupActivity:
    public static final java.lang.String NAME
com.yiyouapp.UploadWorkActivity:
    public static final java.lang.String NAME
com.yiyouapp.UserCenterOtherActivity:
    public static final java.lang.String NAME
com.yiyouapp.UserCenterSelfActivity:
    public static final java.lang.String NAME
com.yiyouapp.UserEditInfoActivity:
    public static final java.lang.String NAME
...
android.support.v4.view.PagerTabStrip:
    private static final java.lang.String TAG
    private static final int INDICATOR_HEIGHT
    private static final int MIN_PADDING_BOTTOM
    private static final int TAB_PADDING
    private static final int TAB_SPACING
    private static final int MIN_TEXT_SPACING
    private static final int FULL_UNDERLINE_HEIGHT
    private static final int MIN_STRIP_HEIGHT
    76:77:public PagerTabStrip(android.content.Context)
android.support.v4.view.PagerTitleStrip:
    private static final java.lang.String TAG
    private static final float SIDE_ALPHA
    private static final int TEXT_SPACING
    112:113:public PagerTitleStrip(android.content.Context)
android.support.v4.view.PagerTitleStripIcs:
    26:31:PagerTitleStripIcs()
android.support.v4.view.PagerTitleStripIcs$SingleLineAllCapsTransform:
    private static final java.lang.String TAG
android.support.v4.view.ScaleGestureDetectorCompat
android.support.v4.view.ScaleGestureDetectorCompat$1
android.support.v4.view.ScaleGestureDetectorCompat$BaseScaleGestureDetectorImpl
android.support.v4.view.ScaleGestureDetectorCompat$ScaleGestureDetectorCompatKitKatImpl
android.support.v4.view.ScaleGestureDetectorCompat$ScaleGestureDetectorImpl
android.support.v4.view.ScaleGestureDetectorCompatKitKat
android.support.v4.view.VelocityTrackerCompat:
    25:51:public VelocityTrackerCompat()
android.support.v4.view.VelocityTrackerCompatHoneycomb:
    24:24:VelocityTrackerCompatHoneycomb()
android.support.v4.view.ViewCompat:
    public static final int OVER_SCROLL_ALWAYS
    public static final int OVER_SCROLL_IF_CONTENT_SCROLLS
    public static final int OVER_SCROLL_NEVER
    private static final long FAKE_FRAME_TIME
    public static final int IMPORTANT_FOR_ACCESSIBILITY_AUTO
    public static final int IMPORTANT_FOR_ACCESSIBILITY_YES
    public static final int IMPORTANT_FOR_ACCESSIBILITY_NO
    public static final int IMPORTANT_FOR_ACCESSIBILITY_NO_HIDE_DESCENDANTS
    public static final int ACCESSIBILITY_LIVE_REGION_NONE
    public static final int ACCESSIBILITY_LIVE_REGION_POLITE
    public static final int ACCESSIBILITY_LIVE_REGION_ASSERTIVE
    public static final int LAYER_TYPE_NONE
    public static final int LAYER_TYPE_SOFTWARE
    public static final int LAYER_TYPE_HARDWARE
    public static final int LAYOUT_DIRECTION_LTR
    public static final int LAYOUT_DIRECTION_RTL
    public static final int LAYOUT_DIRECTION_INHERIT
    public static final int LAYOUT_DIRECTION_LOCALE
    public static final int MEASURED_SIZE_MASK
    public static final int MEASURED_STATE_MASK
    public static final int MEASURED_HEIGHT_STATE_SHIFT
    public static final int MEASURED_STATE_TOO_SMALL
    34:534:public ViewCompat()
    585:585:public static boolean canScrollVertically(android.view.View,int)
    614:615:public static void setOverScrollMode(android.view.View,int)